
> vite-react-typescript-starter@0.0.0 dev
> vite


  VITE v5.4.8  ready in 113 ms

  ➜  Local:   http://localhost:5173/
  ➜  Network: use --host to expose
Browserslist: caniuse-lite is outdated. Please run:
  npx update-browserslist-db@latest
  Why you should do it regularly: https://github.com/browserslist/update-db#readme
10:30:33 PM [vite] hmr update /src/pages/ContestsPage.tsx, /src/index.css
10:30:35 PM [vite] hmr update /src/pages/ContestsPage.tsx, /src/index.css
10:30:38 PM [vite] hmr update /src/pages/ContestsPage.tsx, /src/index.css
10:30:41 PM [vite] hmr update /src/pages/ContestsPage.tsx, /src/index.css
10:30:45 PM [vite] hmr update /src/pages/ContestsPage.tsx, /src/index.css
10:34:57 PM [vite] hmr update /src/pages/ChallengePage.tsx, /src/index.css
10:35:04 PM [vite] hmr update /src/pages/ChallengePage.tsx, /src/index.css
10:35:06 PM [vite] hmr update /src/pages/ChallengePage.tsx, /src/index.css
10:35:12 PM [vite] hmr update /src/pages/ChallengePage.tsx, /src/index.css
10:35:24 PM [vite] hmr update /src/pages/ChallengePage.tsx, /src/index.css
10:35:28 PM [vite] hmr update /src/pages/ChallengePage.tsx, /src/index.css
10:40:09 PM [vite] hmr update /src/pages/BettingPage.tsx, /src/index.css
10:40:11 PM [vite] hmr update /src/pages/BettingPage.tsx, /src/index.css
10:40:14 PM [vite] hmr update /src/pages/BettingPage.tsx, /src/index.css
10:40:18 PM [vite] hmr update /src/pages/BettingPage.tsx, /src/index.css
10:40:20 PM [vite] hmr update /src/pages/BettingPage.tsx, /src/index.css
10:40:22 PM [vite] hmr update /src/pages/BettingPage.tsx, /src/index.css
10:40:28 PM [vite] hmr update /src/pages/BettingPage.tsx, /src/index.css
10:40:32 PM [vite] hmr update /src/pages/BettingPage.tsx, /src/index.css
10:40:36 PM [vite] hmr update /src/pages/BettingPage.tsx, /src/index.css
10:40:48 PM [vite] hmr update /src/pages/LiveBetting.tsx, /src/index.css
10:40:53 PM [vite] hmr update /src/pages/LiveBetting.tsx, /src/index.css
10:40:55 PM [vite] hmr update /src/pages/LiveBetting.tsx, /src/index.css
10:40:59 PM [vite] hmr update /src/pages/LiveBetting.tsx, /src/index.css
10:41:26 PM [vite] hmr update /src/pages/BettingPage.tsx, /src/index.css
10:41:28 PM [vite] hmr update /src/pages/BettingPage.tsx, /src/index.css
10:41:31 PM [vite] hmr update /src/pages/BettingPage.tsx, /src/index.css
10:41:50 PM [vite] hmr update /src/pages/BettingPage.tsx, /src/index.css
10:42:02 PM [vite] hmr update /src/pages/BettingPage.tsx, /src/index.css
10:42:12 PM [vite] hmr update /src/pages/ContestsPage.tsx, /src/index.css
10:42:12 PM [vite] hmr update /src/pages/ChallengePage.tsx, /src/index.css
10:42:12 PM [vite] hmr update /src/pages/BettingPage.tsx, /src/index.css
10:42:12 PM [vite] hmr update /src/pages/LiveBetting.tsx, /src/index.css
